# JRE version: Java(TM) SE Runtime Environment (8.0_162-b12) (build 1.8.0_162-b12)
# Java VM: Java HotSpot(TM) 64-Bit Server VM (25.162-b12 mixed mode windows-amd64 compressed oops)
Heap:
 PSYoungGen      total 206848K, used 50024K [0x000000076be00000, 0x0000000779800000, 0x00000007c0000000)
  eden space 194048K, 25% used [0x000000076be00000,0x000000076eeda2a8,0x0000000777b80000)
  from space 12800K, 0% used [0x0000000778800000,0x0000000778800000,0x0000000779480000)
  to   space 12800K, 0% used [0x0000000777b80000,0x0000000777b80000,0x0000000778800000)
 ParOldGen       total 163328K, used 14582K [0x00000006c3a00000, 0x00000006cd980000, 0x000000076be00000)
  object space 163328K, 8% used [0x00000006c3a00000,0x00000006c483d8f0,0x00000006cd980000)
 Metaspace       used 38225K, capacity 40602K, committed 40920K, reserved 1085440K
  class space    used 4896K, capacity 5325K, committed 5336K, reserved 1048576K
GC Heap History (10 events):
Event: 1.814 GC heap before
{Heap before GC invocations=4 (full 0):
 PSYoungGen      total 75776K, used 27191K [0x000000076be00000, 0x0000000775200000, 0x00000007c0000000)
  eden space 65024K, 29% used [0x000000076be00000,0x000000076d10be68,0x000000076fd80000)
  from space 10752K, 71% used [0x000000076fd80000,0x0000000770501f80,0x0000000770800000)
  to   space 10752K, 0% used [0x0000000774780000,0x0000000774780000,0x0000000775200000)
 ParOldGen       total 173568K, used 32K [0x00000006c3a00000, 0x00000006ce380000, 0x000000076be00000)
  object space 173568K, 0% used [0x00000006c3a00000,0x00000006c3a08000,0x00000006ce380000)
 Metaspace       used 20259K, capacity 21136K, committed 21248K, reserved 1067008K
  class space    used 2554K, capacity 2763K, committed 2816K, reserved 1048576K
Event: 1.819 GC heap after
Heap after GC invocations=4 (full 0):
 PSYoungGen      total 140800K, used 6849K [0x000000076be00000, 0x0000000775200000, 0x00000007c0000000)
  eden space 130048K, 0% used [0x000000076be00000,0x000000076be00000,0x0000000773d00000)
  from space 10752K, 63% used [0x0000000774780000,0x0000000774e30600,0x0000000775200000)
  to   space 10752K, 0% used [0x0000000773d00000,0x0000000773d00000,0x0000000774780000)
 ParOldGen       total 173568K, used 40K [0x00000006c3a00000, 0x00000006ce380000, 0x000000076be00000)
  object space 173568K, 0% used [0x00000006c3a00000,0x00000006c3a0a000,0x00000006ce380000)
 Metaspace       used 20259K, capacity 21136K, committed 21248K, reserved 1067008K
  class space    used 2554K, capacity 2763K, committed 2816K, reserved 1048576K
}
Event: 1.819 GC heap before
{Heap before GC invocations=5 (full 1):
 PSYoungGen      total 140800K, used 6849K [0x000000076be00000, 0x0000000775200000, 0x00000007c0000000)
  eden space 130048K, 0% used [0x000000076be00000,0x000000076be00000,0x0000000773d00000)
  from space 10752K, 63% used [0x0000000774780000,0x0000000774e30600,0x0000000775200000)
  to   space 10752K, 0% used [0x0000000773d00000,0x0000000773d00000,0x0000000774780000)
 ParOldGen       total 173568K, used 40K [0x00000006c3a00000, 0x00000006ce380000, 0x000000076be00000)
  object space 173568K, 0% used [0x00000006c3a00000,0x00000006c3a0a000,0x00000006ce380000)
 Metaspace       used 20259K, capacity 21136K, committed 21248K, reserved 1067008K
  class space    used 2554K, capacity 2763K, committed 2816K, reserved 1048576K
Event: 1.846 GC heap after
Heap after GC invocations=5 (full 1):
 PSYoungGen      total 140800K, used 0K [0x000000076be00000, 0x0000000775200000, 0x00000007c0000000)
  eden space 130048K, 0% used [0x000000076be00000,0x000000076be00000,0x0000000773d00000)
  from space 10752K, 0% used [0x0000000774780000,0x0000000774780000,0x0000000775200000)
  to   space 10752K, 0% used [0x0000000773d00000,0x0000000773d00000,0x0000000774780000)
 ParOldGen       total 102912K, used 6696K [0x00000006c3a00000, 0x00000006c9e80000, 0x000000076be00000)
  object space 102912K, 6% used [0x00000006c3a00000,0x00000006c408a0e0,0x00000006c9e80000)
 Metaspace       used 20259K, capacity 21136K, committed 21248K, reserved 1067008K
  class space    used 2554K, capacity 2763K, committed 2816K, reserved 1048576K
}
Event: 3.649 GC heap before
{Heap before GC invocations=6 (full 1):
 PSYoungGen      total 140800K, used 130048K [0x000000076be00000, 0x0000000775200000, 0x00000007c0000000)
  eden space 130048K, 100% used [0x000000076be00000,0x0000000773d00000,0x0000000773d00000)
  from space 10752K, 0% used [0x0000000774780000,0x0000000774780000,0x0000000775200000)
  to   space 10752K, 0% used [0x0000000773d00000,0x0000000773d00000,0x0000000774780000)
 ParOldGen       total 102912K, used 6696K [0x00000006c3a00000, 0x00000006c9e80000, 0x000000076be00000)
  object space 102912K, 6% used [0x00000006c3a00000,0x00000006c408a0e0,0x00000006c9e80000)
 Metaspace       used 29356K, capacity 31432K, committed 31616K, reserved 1077248K
  class space    used 3839K, capacity 4174K, committed 4224K, reserved 1048576K
Event: 3.662 GC heap after
Heap after GC invocations=6 (full 1):
 PSYoungGen      total 140800K, used 10745K [0x000000076be00000, 0x0000000779480000, 0x00000007c0000000)
  eden space 130048K, 0% used [0x000000076be00000,0x000000076be00000,0x0000000773d00000)
  from space 10752K, 99% used [0x0000000773d00000,0x000000077477e4a8,0x0000000774780000)
  to   space 12800K, 0% used [0x0000000778800000,0x0000000778800000,0x0000000779480000)
 ParOldGen       total 102912K, used 8112K [0x00000006c3a00000, 0x00000006c9e80000, 0x000000076be00000)
  object space 102912K, 7% used [0x00000006c3a00000,0x00000006c41ec2a8,0x00000006c9e80000)
 Metaspace       used 29356K, capacity 31432K, committed 31616K, reserved 1077248K
  class space    used 3839K, capacity 4174K, committed 4224K, reserved 1048576K
}
Event: 4.106 GC heap before
{Heap before GC invocations=7 (full 1):
 PSYoungGen      total 140800K, used 92176K [0x000000076be00000, 0x0000000779480000, 0x00000007c0000000)
  eden space 130048K, 62% used [0x000000076be00000,0x0000000770d85c00,0x0000000773d00000)
  from space 10752K, 99% used [0x0000000773d00000,0x000000077477e4a8,0x0000000774780000)
  to   space 12800K, 0% used [0x0000000778800000,0x0000000778800000,0x0000000779480000)
 ParOldGen       total 102912K, used 8112K [0x00000006c3a00000, 0x00000006c9e80000, 0x000000076be00000)
  object space 102912K, 7% used [0x00000006c3a00000,0x00000006c41ec2a8,0x00000006c9e80000)
 Metaspace       used 33121K, capacity 35308K, committed 35416K, reserved 1079296K
  class space    used 4266K, capacity 4638K, committed 4696K, reserved 1048576K
Event: 4.115 GC heap after
Heap after GC invocations=7 (full 1):
 PSYoungGen      total 206848K, used 9956K [0x000000076be00000, 0x0000000779800000, 0x00000007c0000000)
  eden space 194048K, 0% used [0x000000076be00000,0x000000076be00000,0x0000000777b80000)
  from space 12800K, 77% used [0x0000000778800000,0x00000007791b91c0,0x0000000779480000)
  to   space 12800K, 0% used [0x0000000777b80000,0x0000000777b80000,0x0000000778800000)
 ParOldGen       total 102912K, used 8120K [0x00000006c3a00000, 0x00000006c9e80000, 0x000000076be00000)
  object space 102912K, 7% used [0x00000006c3a00000,0x00000006c41ee2a8,0x00000006c9e80000)
 Metaspace       used 33121K, capacity 35308K, committed 35416K, reserved 1079296K
  class space    used 4266K, capacity 4638K, committed 4696K, reserved 1048576K
}
Event: 4.115 GC heap before
{Heap before GC invocations=8 (full 2):
 PSYoungGen      total 206848K, used 9956K [0x000000076be00000, 0x0000000779800000, 0x00000007c0000000)
  eden space 194048K, 0% used [0x000000076be00000,0x000000076be00000,0x0000000777b80000)
  from space 12800K, 77% used [0x0000000778800000,0x00000007791b91c0,0x0000000779480000)
  to   space 12800K, 0% used [0x0000000777b80000,0x0000000777b80000,0x0000000778800000)
 ParOldGen       total 102912K, used 8120K [0x00000006c3a00000, 0x00000006c9e80000, 0x000000076be00000)
  object space 102912K, 7% used [0x00000006c3a00000,0x00000006c41ee2a8,0x00000006c9e80000)
 Metaspace       used 33121K, capacity 35308K, committed 35416K, reserved 1079296K
  class space    used 4266K, capacity 4638K, committed 4696K, reserved 1048576K
Event: 4.164 GC heap after
Heap after GC invocations=8 (full 2):
 PSYoungGen      total 206848K, used 0K [0x000000076be00000, 0x0000000779800000, 0x00000007c0000000)
  eden space 194048K, 0% used [0x000000076be00000,0x000000076be00000,0x0000000777b80000)
  from space 12800K, 0% used [0x0000000778800000,0x0000000778800000,0x0000000779480000)
  to   space 12800K, 0% used [0x0000000777b80000,0x0000000777b80000,0x0000000778800000)
 ParOldGen       total 163328K, used 14582K [0x00000006c3a00000, 0x00000006cd980000, 0x000000076be00000)
  object space 163328K, 8% used [0x00000006c3a00000,0x00000006c483d8f0,0x00000006cd980000)
 Metaspace       used 33121K, capacity 35308K, committed 35416K, reserved 1079296K
  class space    used 4266K, capacity 4638K, committed 4696K, reserved 1048576K
}

